hacluster:x:108:114::/var/lib/pacemaker:/usr/sbin/nologin
Shutting down pacemaker/corosync services...
Killing any remaining services...
Removing all cluster configuration files...
hacluster:x:108:114::/var/lib/pacemaker:/usr/sbin/nologin
Shutting down pacemaker/corosync services...
Killing any remaining services...
Removing all cluster configuration files...
etcd02: Authorized
etcd01: Authorized
Sending HTTP Request to: https://192.168.234.112:2224/remote/check_host

Sending HTTP Request to: https://192.168.234.113:2224/remote/check_host

Finished calling: https://192.168.234.113:2224/remote/check_host
Response Code: 200
--Debug Response Start--
{"services":{"pacemaker":{"installed":true,"enabled":false,"running":false,"version":"2.0.5"},"pacemaker_remote":{"installed":false,"enabled":false,"running":false,"version":null},"corosync":{"installed":true,"enabled":false,"running":false,"version":"3.1.2"},"pcsd":{"installed":true,"enabled":true,"running":true,"version":"0.10.8"},"sbd":{"installed":false,"enabled":false,"running":false,"version":null},"qdevice":{"installed":false,"enabled":false,"running":false,"version":null},"booth":{"installed":false,"enabled":false,"running":false,"version":null}},"cluster_configuration_exists":false}
--Debug Response End--

Communication debug info for calling: https://192.168.234.113:2224/remote/check_host
--Debug Communication Info Start--
*   Trying 192.168.234.113:2224...
* Connected to 192.168.234.113 (192.168.234.113) port 2224 (#1)
* found 387 certificates in /etc/ssl/certs
* ALPN, offering h2
* ALPN, offering http/1.1
* SSL connection using TLS1.3 / ECDHE_RSA_AES_256_GCM_SHA384
* 	 server certificate verification SKIPPED
* 	 server certificate status verification SKIPPED
* 	 common name: etcd02 (does not match '192.168.234.113')
* 	 server certificate expiration date OK
* 	 server certificate activation date OK
* 	 certificate public key: RSA
* 	 certificate version: #3
* 	 subject: C=US,ST=MN,L=Minneapolis,O=pcsd,OU=pcsd,CN=etcd02
* 	 start date: Tue, 28 Jun 2022 11:06:29 GMT
* 	 expire date: Fri, 25 Jun 2032 11:06:29 GMT
* 	 issuer: C=US,ST=MN,L=Minneapolis,O=pcsd,OU=pcsd,CN=etcd02
* ALPN, server did not agree to a protocol
> GET /remote/check_host HTTP/1.1
Host: 192.168.234.113:2224
User-Agent: PycURL/7.43.0.6 libcurl/7.74.0 GnuTLS/3.7.1 zlib/1.2.11 brotli/1.0.9 libidn2/2.3.0 libpsl/0.21.0 (+libidn2/2.3.0) libssh2/1.9.0 nghttp2/1.43.0 librtmp/2.3
Accept: */*
Cookie: token=41f54ac9-a179-431d-8d5e-fd231a33de2d

* Mark bundle as not supporting multiuse
< HTTP/1.1 200 OK
< Server: TornadoServer/6.1
< Content-Type: text/html;charset=utf-8
< Date: Tue, 28 Jun 2022 11:06:51 GMT
< Strict-Transport-Security: max-age=604800
< Content-Length: 598
< Etag: "ed2afc05016b86185cd10fe98a5d3e7e12b5ba1f"
< 
<< {"services":{"pacemaker":{"installed":true,"enabled":false,"running":false,"version":"2.0.5"},"pacemaker_remote":{"installed":false,"enabled":false,"running":false,"version":null},"corosync":{"installed":true,"enabled":false,"running":false,"version":"3.1.2"},"pcsd":{"installed":true,"enabled":true,"running":true,"version":"0.10.8"},"sbd":{"installed":false,"enabled":false,"running":false,"version":null},"qdevice":{"installed":false,"enabled":false,"running":false,"version":null},"booth":{"installed":false,"enabled":false,"running":false,"version":null}},"cluster_configuration_exists":false}
* Connection #1 to host 192.168.234.113 left intact

--Debug Communication Info End--

Finished calling: https://192.168.234.112:2224/remote/check_host
Response Code: 200
--Debug Response Start--
{"services":{"pacemaker":{"installed":true,"enabled":false,"running":false,"version":"2.0.5"},"pacemaker_remote":{"installed":false,"enabled":false,"running":false,"version":null},"corosync":{"installed":true,"enabled":false,"running":false,"version":"3.1.2"},"pcsd":{"installed":true,"enabled":true,"running":true,"version":"0.10.8"},"sbd":{"installed":false,"enabled":false,"running":false,"version":null},"qdevice":{"installed":false,"enabled":false,"running":false,"version":null},"booth":{"installed":false,"enabled":false,"running":false,"version":null}},"cluster_configuration_exists":false}
--Debug Response End--

Communication debug info for calling: https://192.168.234.112:2224/remote/check_host
--Debug Communication Info Start--
*   Trying 192.168.234.112:2224...
* Connected to 192.168.234.112 (192.168.234.112) port 2224 (#0)
* found 387 certificates in /etc/ssl/certs
* ALPN, offering h2
* ALPN, offering http/1.1
* SSL connection using TLS1.3 / ECDHE_RSA_AES_256_GCM_SHA384
* 	 server certificate verification SKIPPED
* 	 server certificate status verification SKIPPED
* 	 common name: etcd01 (does not match '192.168.234.112')
* 	 server certificate expiration date OK
* 	 server certificate activation date OK
* 	 certificate public key: RSA
* 	 certificate version: #3
* 	 subject: C=US,ST=MN,L=Minneapolis,O=pcsd,OU=pcsd,CN=etcd01
* 	 start date: Tue, 28 Jun 2022 11:06:28 GMT
* 	 expire date: Fri, 25 Jun 2032 11:06:28 GMT
* 	 issuer: C=US,ST=MN,L=Minneapolis,O=pcsd,OU=pcsd,CN=etcd01
* ALPN, server did not agree to a protocol
> GET /remote/check_host HTTP/1.1
Host: 192.168.234.112:2224
User-Agent: PycURL/7.43.0.6 libcurl/7.74.0 GnuTLS/3.7.1 zlib/1.2.11 brotli/1.0.9 libidn2/2.3.0 libpsl/0.21.0 (+libidn2/2.3.0) libssh2/1.9.0 nghttp2/1.43.0 librtmp/2.3
Accept: */*
Cookie: token=c486d08b-0091-456a-8f12-2e6c0371cff8

* Mark bundle as not supporting multiuse
< HTTP/1.1 200 OK
< Server: TornadoServer/6.1
< Content-Type: text/html;charset=utf-8
< Date: Tue, 28 Jun 2022 11:06:51 GMT
< Strict-Transport-Security: max-age=604800
< Content-Length: 598
< Etag: "ed2afc05016b86185cd10fe98a5d3e7e12b5ba1f"
< 
<< {"services":{"pacemaker":{"installed":true,"enabled":false,"running":false,"version":"2.0.5"},"pacemaker_remote":{"installed":false,"enabled":false,"running":false,"version":null},"corosync":{"installed":true,"enabled":false,"running":false,"version":"3.1.2"},"pcsd":{"installed":true,"enabled":true,"running":true,"version":"0.10.8"},"sbd":{"installed":false,"enabled":false,"running":false,"version":null},"qdevice":{"installed":false,"enabled":false,"running":false,"version":null},"booth":{"installed":false,"enabled":false,"running":false,"version":null}},"cluster_configuration_exists":false}
* Connection #0 to host 192.168.234.112 left intact

--Debug Communication Info End--

Destroying cluster on hosts: 'etcd01', 'etcd02'...
Sending HTTP Request to: https://192.168.234.112:2224/remote/cluster_destroy

Sending HTTP Request to: https://192.168.234.113:2224/remote/cluster_destroy

Finished calling: https://192.168.234.113:2224/remote/cluster_destroy
Response Code: 200
--Debug Response Start--
Successfully destroyed cluster
--Debug Response End--

Communication debug info for calling: https://192.168.234.113:2224/remote/cluster_destroy
--Debug Communication Info Start--
*   Trying 192.168.234.113:2224...
* Connected to 192.168.234.113 (192.168.234.113) port 2224 (#1)
* found 387 certificates in /etc/ssl/certs
* ALPN, offering h2
* ALPN, offering http/1.1
* SSL connection using TLS1.3 / ECDHE_RSA_AES_256_GCM_SHA384
* 	 server certificate verification SKIPPED
* 	 server certificate status verification SKIPPED
* 	 common name: etcd02 (does not match '192.168.234.113')
* 	 server certificate expiration date OK
* 	 server certificate activation date OK
* 	 certificate public key: RSA
* 	 certificate version: #3
* 	 subject: C=US,ST=MN,L=Minneapolis,O=pcsd,OU=pcsd,CN=etcd02
* 	 start date: Tue, 28 Jun 2022 11:06:29 GMT
* 	 expire date: Fri, 25 Jun 2032 11:06:29 GMT
* 	 issuer: C=US,ST=MN,L=Minneapolis,O=pcsd,OU=pcsd,CN=etcd02
* ALPN, server did not agree to a protocol
> GET /remote/cluster_destroy HTTP/1.1
Host: 192.168.234.113:2224
User-Agent: PycURL/7.43.0.6 libcurl/7.74.0 GnuTLS/3.7.1 zlib/1.2.11 brotli/1.0.9 libidn2/2.3.0 libpsl/0.21.0 (+libidn2/2.3.0) libssh2/1.9.0 nghttp2/1.43.0 librtmp/2.3
Accept: */*
Cookie: token=41f54ac9-a179-431d-8d5e-fd231a33de2d

* Mark bundle as not supporting multiuse
< HTTP/1.1 200 OK
< Server: TornadoServer/6.1
< Content-Type: text/html;charset=utf-8
< Date: Tue, 28 Jun 2022 11:06:52 GMT
< Strict-Transport-Security: max-age=604800
< Content-Length: 30
< Etag: "50380e86690cf4a02d4db664f5f2bcc3b9bad484"
< 
<< Successfully destroyed cluster
* Connection #1 to host 192.168.234.113 left intact

--Debug Communication Info End--

etcd02: Successfully destroyed cluster
Finished calling: https://192.168.234.112:2224/remote/cluster_destroy
Response Code: 200
--Debug Response Start--
Successfully destroyed cluster
--Debug Response End--

Communication debug info for calling: https://192.168.234.112:2224/remote/cluster_destroy
--Debug Communication Info Start--
*   Trying 192.168.234.112:2224...
* Connected to 192.168.234.112 (192.168.234.112) port 2224 (#0)
* found 387 certificates in /etc/ssl/certs
* ALPN, offering h2
* ALPN, offering http/1.1
* SSL connection using TLS1.3 / ECDHE_RSA_AES_256_GCM_SHA384
* 	 server certificate verification SKIPPED
* 	 server certificate status verification SKIPPED
* 	 common name: etcd01 (does not match '192.168.234.112')
* 	 server certificate expiration date OK
* 	 server certificate activation date OK
* 	 certificate public key: RSA
* 	 certificate version: #3
* 	 subject: C=US,ST=MN,L=Minneapolis,O=pcsd,OU=pcsd,CN=etcd01
* 	 start date: Tue, 28 Jun 2022 11:06:28 GMT
* 	 expire date: Fri, 25 Jun 2032 11:06:28 GMT
* 	 issuer: C=US,ST=MN,L=Minneapolis,O=pcsd,OU=pcsd,CN=etcd01
* ALPN, server did not agree to a protocol
> GET /remote/cluster_destroy HTTP/1.1
Host: 192.168.234.112:2224
User-Agent: PycURL/7.43.0.6 libcurl/7.74.0 GnuTLS/3.7.1 zlib/1.2.11 brotli/1.0.9 libidn2/2.3.0 libpsl/0.21.0 (+libidn2/2.3.0) libssh2/1.9.0 nghttp2/1.43.0 librtmp/2.3
Accept: */*
Cookie: token=c486d08b-0091-456a-8f12-2e6c0371cff8

* Mark bundle as not supporting multiuse
< HTTP/1.1 200 OK
< Server: TornadoServer/6.1
< Content-Type: text/html;charset=utf-8
< Date: Tue, 28 Jun 2022 11:06:52 GMT
< Strict-Transport-Security: max-age=604800
< Content-Length: 30
< Etag: "50380e86690cf4a02d4db664f5f2bcc3b9bad484"
< 
<< Successfully destroyed cluster
* Connection #0 to host 192.168.234.112 left intact

--Debug Communication Info End--

etcd01: Successfully destroyed cluster
Sending HTTP Request to: https://192.168.234.112:2224/remote/known_hosts_change
--Debug Input Start--
data_json=%7B%22known_hosts_add%22%3A+%7B%22etcd01%22%3A+%7B%22token%22%3A+%22c486d08b-0091-456a-8f12-2e6c0371cff8%22%2C+%22dest_list%22%3A+%5B%7B%22addr%22%3A+%22192.168.234.112%22%2C+%22port%22%3A+2224%7D%5D%7D%2C+%22etcd02%22%3A+%7B%22token%22%3A+%2241f54ac9-a179-431d-8d5e-fd231a33de2d%22%2C+%22dest_list%22%3A+%5B%7B%22addr%22%3A+%22192.168.234.113%22%2C+%22port%22%3A+2224%7D%5D%7D%7D%2C+%22known_hosts_remove%22%3A+%7B%7D%7D
--Debug Input End--

Sending HTTP Request to: https://192.168.234.113:2224/remote/known_hosts_change
--Debug Input Start--
data_json=%7B%22known_hosts_add%22%3A+%7B%22etcd01%22%3A+%7B%22token%22%3A+%22c486d08b-0091-456a-8f12-2e6c0371cff8%22%2C+%22dest_list%22%3A+%5B%7B%22addr%22%3A+%22192.168.234.112%22%2C+%22port%22%3A+2224%7D%5D%7D%2C+%22etcd02%22%3A+%7B%22token%22%3A+%2241f54ac9-a179-431d-8d5e-fd231a33de2d%22%2C+%22dest_list%22%3A+%5B%7B%22addr%22%3A+%22192.168.234.113%22%2C+%22port%22%3A+2224%7D%5D%7D%7D%2C+%22known_hosts_remove%22%3A+%7B%7D%7D
--Debug Input End--

Finished calling: https://192.168.234.112:2224/remote/known_hosts_change
Response Code: 200
--Debug Response Start--

--Debug Response End--

Communication debug info for calling: https://192.168.234.112:2224/remote/known_hosts_change
--Debug Communication Info Start--
*   Trying 192.168.234.112:2224...
* Connected to 192.168.234.112 (192.168.234.112) port 2224 (#0)
* found 387 certificates in /etc/ssl/certs
* ALPN, offering h2
* ALPN, offering http/1.1
* SSL connection using TLS1.3 / ECDHE_RSA_AES_256_GCM_SHA384
* 	 server certificate verification SKIPPED
* 	 server certificate status verification SKIPPED
* 	 common name: etcd01 (does not match '192.168.234.112')
* 	 server certificate expiration date OK
* 	 server certificate activation date OK
* 	 certificate public key: RSA
* 	 certificate version: #3
* 	 subject: C=US,ST=MN,L=Minneapolis,O=pcsd,OU=pcsd,CN=etcd01
* 	 start date: Tue, 28 Jun 2022 11:06:28 GMT
* 	 expire date: Fri, 25 Jun 2032 11:06:28 GMT
* 	 issuer: C=US,ST=MN,L=Minneapolis,O=pcsd,OU=pcsd,CN=etcd01
* ALPN, server did not agree to a protocol
> POST /remote/known_hosts_change HTTP/1.1
Host: 192.168.234.112:2224
User-Agent: PycURL/7.43.0.6 libcurl/7.74.0 GnuTLS/3.7.1 zlib/1.2.11 brotli/1.0.9 libidn2/2.3.0 libpsl/0.21.0 (+libidn2/2.3.0) libssh2/1.9.0 nghttp2/1.43.0 librtmp/2.3
Accept: */*
Cookie: token=c486d08b-0091-456a-8f12-2e6c0371cff8
Content-Length: 431
Content-Type: application/x-www-form-urlencoded

>> data_json=%7B%22known_hosts_add%22%3A+%7B%22etcd01%22%3A+%7B%22token%22%3A+%22c486d08b-0091-456a-8f12-2e6c0371cff8%22%2C+%22dest_list%22%3A+%5B%7B%22addr%22%3A+%22192.168.234.112%22%2C+%22port%22%3A+2224%7D%5D%7D%2C+%22etcd02%22%3A+%7B%22token%22%3A+%2241f54ac9-a179-431d-8d5e-fd231a33de2d%22%2C+%22dest_list%22%3A+%5B%7B%22addr%22%3A+%22192.168.234.113%22%2C+%22port%22%3A+2224%7D%5D%7D%7D%2C+%22known_hosts_remove%22%3A+%7B%7D%7D
* upload completely sent off: 431 out of 431 bytes
* Mark bundle as not supporting multiuse
< HTTP/1.1 200 OK
< Server: TornadoServer/6.1
< Content-Type: text/html;charset=utf-8
< Date: Tue, 28 Jun 2022 11:06:55 GMT
< Strict-Transport-Security: max-age=604800
< Content-Length: 0
< 
* Connection #0 to host 192.168.234.112 left intact

--Debug Communication Info End--

Finished calling: https://192.168.234.113:2224/remote/known_hosts_change
Response Code: 200
--Debug Response Start--

--Debug Response End--

Communication debug info for calling: https://192.168.234.113:2224/remote/known_hosts_change
--Debug Communication Info Start--
*   Trying 192.168.234.113:2224...
* Connected to 192.168.234.113 (192.168.234.113) port 2224 (#1)
* found 387 certificates in /etc/ssl/certs
* ALPN, offering h2
* ALPN, offering http/1.1
* SSL connection using TLS1.3 / ECDHE_RSA_AES_256_GCM_SHA384
* 	 server certificate verification SKIPPED
* 	 server certificate status verification SKIPPED
* 	 common name: etcd02 (does not match '192.168.234.113')
* 	 server certificate expiration date OK
* 	 server certificate activation date OK
* 	 certificate public key: RSA
* 	 certificate version: #3
* 	 subject: C=US,ST=MN,L=Minneapolis,O=pcsd,OU=pcsd,CN=etcd02
* 	 start date: Tue, 28 Jun 2022 11:06:29 GMT
* 	 expire date: Fri, 25 Jun 2032 11:06:29 GMT
* 	 issuer: C=US,ST=MN,L=Minneapolis,O=pcsd,OU=pcsd,CN=etcd02
* ALPN, server did not agree to a protocol
> POST /remote/known_hosts_change HTTP/1.1
Host: 192.168.234.113:2224
User-Agent: PycURL/7.43.0.6 libcurl/7.74.0 GnuTLS/3.7.1 zlib/1.2.11 brotli/1.0.9 libidn2/2.3.0 libpsl/0.21.0 (+libidn2/2.3.0) libssh2/1.9.0 nghttp2/1.43.0 librtmp/2.3
Accept: */*
Cookie: token=41f54ac9-a179-431d-8d5e-fd231a33de2d
Content-Length: 431
Content-Type: application/x-www-form-urlencoded

>> data_json=%7B%22known_hosts_add%22%3A+%7B%22etcd01%22%3A+%7B%22token%22%3A+%22c486d08b-0091-456a-8f12-2e6c0371cff8%22%2C+%22dest_list%22%3A+%5B%7B%22addr%22%3A+%22192.168.234.112%22%2C+%22port%22%3A+2224%7D%5D%7D%2C+%22etcd02%22%3A+%7B%22token%22%3A+%2241f54ac9-a179-431d-8d5e-fd231a33de2d%22%2C+%22dest_list%22%3A+%5B%7B%22addr%22%3A+%22192.168.234.113%22%2C+%22port%22%3A+2224%7D%5D%7D%7D%2C+%22known_hosts_remove%22%3A+%7B%7D%7D
* upload completely sent off: 431 out of 431 bytes
* Mark bundle as not supporting multiuse
< HTTP/1.1 200 OK
< Server: TornadoServer/6.1
< Content-Type: text/html;charset=utf-8
< Date: Tue, 28 Jun 2022 11:06:55 GMT
< Strict-Transport-Security: max-age=604800
< Content-Length: 0
< 
* Connection #1 to host 192.168.234.113 left intact

--Debug Communication Info End--

Requesting remove 'pcsd settings' from 'etcd01', 'etcd02'
Sending HTTP Request to: https://192.168.234.112:2224/remote/remove_file
--Debug Input Start--
data_json=%7B%22pcsd+settings%22%3A+%7B%22type%22%3A+%22pcsd_settings%22%7D%7D
--Debug Input End--

Sending HTTP Request to: https://192.168.234.113:2224/remote/remove_file
--Debug Input Start--
data_json=%7B%22pcsd+settings%22%3A+%7B%22type%22%3A+%22pcsd_settings%22%7D%7D
--Debug Input End--

Finished calling: https://192.168.234.112:2224/remote/remove_file
Response Code: 200
--Debug Response Start--
{"files":{"pcsd settings":{"code":"not_found","message":""}}}
--Debug Response End--

Communication debug info for calling: https://192.168.234.112:2224/remote/remove_file
--Debug Communication Info Start--
*   Trying 192.168.234.112:2224...
* Connected to 192.168.234.112 (192.168.234.112) port 2224 (#0)
* found 387 certificates in /etc/ssl/certs
* ALPN, offering h2
* ALPN, offering http/1.1
* SSL connection using TLS1.3 / ECDHE_RSA_AES_256_GCM_SHA384
* 	 server certificate verification SKIPPED
* 	 server certificate status verification SKIPPED
* 	 common name: etcd01 (does not match '192.168.234.112')
* 	 server certificate expiration date OK
* 	 server certificate activation date OK
* 	 certificate public key: RSA
* 	 certificate version: #3
* 	 subject: C=US,ST=MN,L=Minneapolis,O=pcsd,OU=pcsd,CN=etcd01
* 	 start date: Tue, 28 Jun 2022 11:06:28 GMT
* 	 expire date: Fri, 25 Jun 2032 11:06:28 GMT
* 	 issuer: C=US,ST=MN,L=Minneapolis,O=pcsd,OU=pcsd,CN=etcd01
* ALPN, server did not agree to a protocol
> POST /remote/remove_file HTTP/1.1
Host: 192.168.234.112:2224
User-Agent: PycURL/7.43.0.6 libcurl/7.74.0 GnuTLS/3.7.1 zlib/1.2.11 brotli/1.0.9 libidn2/2.3.0 libpsl/0.21.0 (+libidn2/2.3.0) libssh2/1.9.0 nghttp2/1.43.0 librtmp/2.3
Accept: */*
Cookie: token=c486d08b-0091-456a-8f12-2e6c0371cff8
Content-Length: 78
Content-Type: application/x-www-form-urlencoded

>> data_json=%7B%22pcsd+settings%22%3A+%7B%22type%22%3A+%22pcsd_settings%22%7D%7D
* upload completely sent off: 78 out of 78 bytes
* Mark bundle as not supporting multiuse
< HTTP/1.1 200 OK
< Server: TornadoServer/6.1
< Content-Type: text/html;charset=utf-8
< Date: Tue, 28 Jun 2022 11:06:55 GMT
< Strict-Transport-Security: max-age=604800
< Content-Length: 61
< 
<< {"files":{"pcsd settings":{"code":"not_found","message":""}}}
* Connection #0 to host 192.168.234.112 left intact

--Debug Communication Info End--

etcd01: successful removal of the file 'pcsd settings'
Finished calling: https://192.168.234.113:2224/remote/remove_file
Response Code: 200
--Debug Response Start--
{"files":{"pcsd settings":{"code":"not_found","message":""}}}
--Debug Response End--

Communication debug info for calling: https://192.168.234.113:2224/remote/remove_file
--Debug Communication Info Start--
*   Trying 192.168.234.113:2224...
* Connected to 192.168.234.113 (192.168.234.113) port 2224 (#1)
* found 387 certificates in /etc/ssl/certs
* ALPN, offering h2
* ALPN, offering http/1.1
* SSL connection using TLS1.3 / ECDHE_RSA_AES_256_GCM_SHA384
* 	 server certificate verification SKIPPED
* 	 server certificate status verification SKIPPED
* 	 common name: etcd02 (does not match '192.168.234.113')
* 	 server certificate expiration date OK
* 	 server certificate activation date OK
* 	 certificate public key: RSA
* 	 certificate version: #3
* 	 subject: C=US,ST=MN,L=Minneapolis,O=pcsd,OU=pcsd,CN=etcd02
* 	 start date: Tue, 28 Jun 2022 11:06:29 GMT
* 	 expire date: Fri, 25 Jun 2032 11:06:29 GMT
* 	 issuer: C=US,ST=MN,L=Minneapolis,O=pcsd,OU=pcsd,CN=etcd02
* ALPN, server did not agree to a protocol
> POST /remote/remove_file HTTP/1.1
Host: 192.168.234.113:2224
User-Agent: PycURL/7.43.0.6 libcurl/7.74.0 GnuTLS/3.7.1 zlib/1.2.11 brotli/1.0.9 libidn2/2.3.0 libpsl/0.21.0 (+libidn2/2.3.0) libssh2/1.9.0 nghttp2/1.43.0 librtmp/2.3
Accept: */*
Cookie: token=41f54ac9-a179-431d-8d5e-fd231a33de2d
Content-Length: 78
Content-Type: application/x-www-form-urlencoded

>> data_json=%7B%22pcsd+settings%22%3A+%7B%22type%22%3A+%22pcsd_settings%22%7D%7D
* upload completely sent off: 78 out of 78 bytes
* Mark bundle as not supporting multiuse
< HTTP/1.1 200 OK
< Server: TornadoServer/6.1
< Content-Type: text/html;charset=utf-8
< Date: Tue, 28 Jun 2022 11:06:55 GMT
< Strict-Transport-Security: max-age=604800
< Content-Length: 61
< 
<< {"files":{"pcsd settings":{"code":"not_found","message":""}}}
* Connection #1 to host 192.168.234.113 left intact

--Debug Communication Info End--

etcd02: successful removal of the file 'pcsd settings'
Sending 'corosync authkey', 'pacemaker authkey' to 'etcd01', 'etcd02'
Sending HTTP Request to: https://192.168.234.112:2224/remote/put_file
--Debug Input Start--
data_json=%7B%22corosync+authkey%22%3A+%7B%22data%22%3A+%22fyjgtLasje1MT%2FWjYNblj6v6zBieS9NnOV%2B3IWNse9G%2BcRrgree2Hijd03gOwF5eIlZJYoWkmWk%2F1o9NbdXMz%2BQFXSK%2BUlvw8bbkT7qhXFL3JCVneARiztBSNxX8OAnfeRhRwEiXuDPOTwcl%2BoSQc8uTkqH3TUR26Wxdg5Zk8EbARV9cX8cy5uibooO2JH4hsuurt7R4t4aM2krStb830xB731FfEFxyuihewy7rvYUfKI4g1qR48mSx7uFJusJ835LPNGaaRVjNsesKbee4ypx4fZMaNhVErEUTly4Sx6UJa9Ve57KegmmDQ3jMvEqKO1IQI9TwmMiXtj5E8O7o5Q%3D%3D%22%2C+%22type%22%3A+%22corosync_authkey%22%2C+%22rewrite_existing%22%3A+true%7D%2C+%22pacemaker_remote+authkey%22%3A+%7B%22data%22%3A+%227VPpFFBv1i2xsuetVLQoMPntLJDZdVKN2X3YtXiDSuWQoJvolHk79Hl3%2BYQYZao6B7UaNaEbV%2FhlAdSeyyRoF23bzM51sOyYk4kP11XAgQocoPK%2BFbttrGEdvmV8rYjyMGIpZq4Cdt6OvZnxULzjA9Y5t4x4YaiMA9QMXfE5IUgDCspJTJOstTknG92mOhmNKwYg9rJrVCHY%2FkJKEH%2BzEv%2BftHF5TMjfKDKawegxGUF0ISAGqF9NoHH8HytahSK%2BA%2FKIdxzFEoUvKk%2FgqULS9DjRuKxHqbpMVTBi%2B7diq1zmJhTRaduon2gneSNmJCVfl%2BKa7e9zCiQQldi8RDSAOQ%3D%3D%22%2C+%22type%22%3A+%22pcmk_remote_authkey%22%2C+%22rewrite_existing%22%3A+true%7D%7D
--Debug Input End--

Sending HTTP Request to: https://192.168.234.113:2224/remote/put_file
--Debug Input Start--
data_json=%7B%22corosync+authkey%22%3A+%7B%22data%22%3A+%22fyjgtLasje1MT%2FWjYNblj6v6zBieS9NnOV%2B3IWNse9G%2BcRrgree2Hijd03gOwF5eIlZJYoWkmWk%2F1o9NbdXMz%2BQFXSK%2BUlvw8bbkT7qhXFL3JCVneARiztBSNxX8OAnfeRhRwEiXuDPOTwcl%2BoSQc8uTkqH3TUR26Wxdg5Zk8EbARV9cX8cy5uibooO2JH4hsuurt7R4t4aM2krStb830xB731FfEFxyuihewy7rvYUfKI4g1qR48mSx7uFJusJ835LPNGaaRVjNsesKbee4ypx4fZMaNhVErEUTly4Sx6UJa9Ve57KegmmDQ3jMvEqKO1IQI9TwmMiXtj5E8O7o5Q%3D%3D%22%2C+%22type%22%3A+%22corosync_authkey%22%2C+%22rewrite_existing%22%3A+true%7D%2C+%22pacemaker_remote+authkey%22%3A+%7B%22data%22%3A+%227VPpFFBv1i2xsuetVLQoMPntLJDZdVKN2X3YtXiDSuWQoJvolHk79Hl3%2BYQYZao6B7UaNaEbV%2FhlAdSeyyRoF23bzM51sOyYk4kP11XAgQocoPK%2BFbttrGEdvmV8rYjyMGIpZq4Cdt6OvZnxULzjA9Y5t4x4YaiMA9QMXfE5IUgDCspJTJOstTknG92mOhmNKwYg9rJrVCHY%2FkJKEH%2BzEv%2BftHF5TMjfKDKawegxGUF0ISAGqF9NoHH8HytahSK%2BA%2FKIdxzFEoUvKk%2FgqULS9DjRuKxHqbpMVTBi%2B7diq1zmJhTRaduon2gneSNmJCVfl%2BKa7e9zCiQQldi8RDSAOQ%3D%3D%22%2C+%22type%22%3A+%22pcmk_remote_authkey%22%2C+%22rewrite_existing%22%3A+true%7D%7D
--Debug Input End--

Finished calling: https://192.168.234.112:2224/remote/put_file
Response Code: 200
--Debug Response Start--
{"files":{"corosync authkey":{"code":"written","message":""},"pacemaker_remote authkey":{"code":"written","message":""}}}
--Debug Response End--

Communication debug info for calling: https://192.168.234.112:2224/remote/put_file
--Debug Communication Info Start--
*   Trying 192.168.234.112:2224...
* Connected to 192.168.234.112 (192.168.234.112) port 2224 (#0)
* found 387 certificates in /etc/ssl/certs
* ALPN, offering h2
* ALPN, offering http/1.1
* SSL connection using TLS1.3 / ECDHE_RSA_AES_256_GCM_SHA384
* 	 server certificate verification SKIPPED
* 	 server certificate status verification SKIPPED
* 	 common name: etcd01 (does not match '192.168.234.112')
* 	 server certificate expiration date OK
* 	 server certificate activation date OK
* 	 certificate public key: RSA
* 	 certificate version: #3
* 	 subject: C=US,ST=MN,L=Minneapolis,O=pcsd,OU=pcsd,CN=etcd01
* 	 start date: Tue, 28 Jun 2022 11:06:28 GMT
* 	 expire date: Fri, 25 Jun 2032 11:06:28 GMT
* 	 issuer: C=US,ST=MN,L=Minneapolis,O=pcsd,OU=pcsd,CN=etcd01
* ALPN, server did not agree to a protocol
> POST /remote/put_file HTTP/1.1
Host: 192.168.234.112:2224
User-Agent: PycURL/7.43.0.6 libcurl/7.74.0 GnuTLS/3.7.1 zlib/1.2.11 brotli/1.0.9 libidn2/2.3.0 libpsl/0.21.0 (+libidn2/2.3.0) libssh2/1.9.0 nghttp2/1.43.0 librtmp/2.3
Accept: */*
Cookie: token=c486d08b-0091-456a-8f12-2e6c0371cff8
Content-Length: 1015
Content-Type: application/x-www-form-urlencoded

>> data_json=%7B%22corosync+authkey%22%3A+%7B%22data%22%3A+%22fyjgtLasje1MT%2FWjYNblj6v6zBieS9NnOV%2B3IWNse9G%2BcRrgree2Hijd03gOwF5eIlZJYoWkmWk%2F1o9NbdXMz%2BQFXSK%2BUlvw8bbkT7qhXFL3JCVneARiztBSNxX8OAnfeRhRwEiXuDPOTwcl%2BoSQc8uTkqH3TUR26Wxdg5Zk8EbARV9cX8cy5uibooO2JH4hsuurt7R4t4aM2krStb830xB731FfEFxyuihewy7rvYUfKI4g1qR48mSx7uFJusJ835LPNGaaRVjNsesKbee4ypx4fZMaNhVErEUTly4Sx6UJa9Ve57KegmmDQ3jMvEqKO1IQI9TwmMiXtj5E8O7o5Q%3D%3D%22%2C+%22type%22%3A+%22corosync_authkey%22%2C+%22rewrite_existing%22%3A+true%7D%2C+%22pacemaker_remote+authkey%22%3A+%7B%22data%22%3A+%227VPpFFBv1i2xsuetVLQoMPntLJDZdVKN2X3YtXiDSuWQoJvolHk79Hl3%2BYQYZao6B7UaNaEbV%2FhlAdSeyyRoF23bzM51sOyYk4kP11XAgQocoPK%2BFbttrGEdvmV8rYjyMGIpZq4Cdt6OvZnxULzjA9Y5t4x4YaiMA9QMXfE5IUgDCspJTJOstTknG92mOhmNKwYg9rJrVCHY%2FkJKEH%2BzEv%2BftHF5TMjfKDKawegxGUF0ISAGqF9NoHH8HytahSK%2BA%2FKIdxzFEoUvKk%2FgqULS9DjRuKxHqbpMVTBi%2B7diq1zmJhTRaduon2gneSNmJCVfl%2BKa7e9zCiQQldi8RDSAOQ%3D%3D%22%2C+%22type%22%3A+%22pcmk_remote_authkey%22%2C+%22rewrite_existing%22%3A+true%7D%7D
* upload completely sent off: 1015 out of 1015 bytes
* Mark bundle as not supporting multiuse
< HTTP/1.1 200 OK
< Server: TornadoServer/6.1
< Content-Type: text/html;charset=utf-8
< Date: Tue, 28 Jun 2022 11:06:55 GMT
< Strict-Transport-Security: max-age=604800
< Content-Length: 121
< 
<< {"files":{"corosync authkey":{"code":"written","message":""},"pacemaker_remote authkey":{"code":"written","message":""}}}
* Connection #0 to host 192.168.234.112 left intact

--Debug Communication Info End--

etcd01: successful distribution of the file 'corosync authkey'
etcd01: successful distribution of the file 'pacemaker authkey'
Finished calling: https://192.168.234.113:2224/remote/put_file
Response Code: 200
--Debug Response Start--
{"files":{"corosync authkey":{"code":"written","message":""},"pacemaker_remote authkey":{"code":"written","message":""}}}
--Debug Response End--

Communication debug info for calling: https://192.168.234.113:2224/remote/put_file
--Debug Communication Info Start--
*   Trying 192.168.234.113:2224...
* Connected to 192.168.234.113 (192.168.234.113) port 2224 (#1)
* found 387 certificates in /etc/ssl/certs
* ALPN, offering h2
* ALPN, offering http/1.1
* SSL connection using TLS1.3 / ECDHE_RSA_AES_256_GCM_SHA384
* 	 server certificate verification SKIPPED
* 	 server certificate status verification SKIPPED
* 	 common name: etcd02 (does not match '192.168.234.113')
* 	 server certificate expiration date OK
* 	 server certificate activation date OK
* 	 certificate public key: RSA
* 	 certificate version: #3
* 	 subject: C=US,ST=MN,L=Minneapolis,O=pcsd,OU=pcsd,CN=etcd02
* 	 start date: Tue, 28 Jun 2022 11:06:29 GMT
* 	 expire date: Fri, 25 Jun 2032 11:06:29 GMT
* 	 issuer: C=US,ST=MN,L=Minneapolis,O=pcsd,OU=pcsd,CN=etcd02
* ALPN, server did not agree to a protocol
> POST /remote/put_file HTTP/1.1
Host: 192.168.234.113:2224
User-Agent: PycURL/7.43.0.6 libcurl/7.74.0 GnuTLS/3.7.1 zlib/1.2.11 brotli/1.0.9 libidn2/2.3.0 libpsl/0.21.0 (+libidn2/2.3.0) libssh2/1.9.0 nghttp2/1.43.0 librtmp/2.3
Accept: */*
Cookie: token=41f54ac9-a179-431d-8d5e-fd231a33de2d
Content-Length: 1015
Content-Type: application/x-www-form-urlencoded

>> data_json=%7B%22corosync+authkey%22%3A+%7B%22data%22%3A+%22fyjgtLasje1MT%2FWjYNblj6v6zBieS9NnOV%2B3IWNse9G%2BcRrgree2Hijd03gOwF5eIlZJYoWkmWk%2F1o9NbdXMz%2BQFXSK%2BUlvw8bbkT7qhXFL3JCVneARiztBSNxX8OAnfeRhRwEiXuDPOTwcl%2BoSQc8uTkqH3TUR26Wxdg5Zk8EbARV9cX8cy5uibooO2JH4hsuurt7R4t4aM2krStb830xB731FfEFxyuihewy7rvYUfKI4g1qR48mSx7uFJusJ835LPNGaaRVjNsesKbee4ypx4fZMaNhVErEUTly4Sx6UJa9Ve57KegmmDQ3jMvEqKO1IQI9TwmMiXtj5E8O7o5Q%3D%3D%22%2C+%22type%22%3A+%22corosync_authkey%22%2C+%22rewrite_existing%22%3A+true%7D%2C+%22pacemaker_remote+authkey%22%3A+%7B%22data%22%3A+%227VPpFFBv1i2xsuetVLQoMPntLJDZdVKN2X3YtXiDSuWQoJvolHk79Hl3%2BYQYZao6B7UaNaEbV%2FhlAdSeyyRoF23bzM51sOyYk4kP11XAgQocoPK%2BFbttrGEdvmV8rYjyMGIpZq4Cdt6OvZnxULzjA9Y5t4x4YaiMA9QMXfE5IUgDCspJTJOstTknG92mOhmNKwYg9rJrVCHY%2FkJKEH%2BzEv%2BftHF5TMjfKDKawegxGUF0ISAGqF9NoHH8HytahSK%2BA%2FKIdxzFEoUvKk%2FgqULS9DjRuKxHqbpMVTBi%2B7diq1zmJhTRaduon2gneSNmJCVfl%2BKa7e9zCiQQldi8RDSAOQ%3D%3D%22%2C+%22type%22%3A+%22pcmk_remote_authkey%22%2C+%22rewrite_existing%22%3A+true%7D%7D
* upload completely sent off: 1015 out of 1015 bytes
* Mark bundle as not supporting multiuse
< HTTP/1.1 200 OK
< Server: TornadoServer/6.1
< Content-Type: text/html;charset=utf-8
< Date: Tue, 28 Jun 2022 11:06:55 GMT
< Strict-Transport-Security: max-age=604800
< Content-Length: 121
< 
<< {"files":{"corosync authkey":{"code":"written","message":""},"pacemaker_remote authkey":{"code":"written","message":""}}}
* Connection #1 to host 192.168.234.113 left intact

--Debug Communication Info End--

etcd02: successful distribution of the file 'corosync authkey'
etcd02: successful distribution of the file 'pacemaker authkey'
Sending 'corosync.conf' to 'etcd01', 'etcd02'
Sending HTTP Request to: https://192.168.234.112:2224/remote/put_file
--Debug Input Start--
data_json=%7B%22corosync.conf%22%3A+%7B%22type%22%3A+%22corosync_conf%22%2C+%22data%22%3A+%22totem+%7B%5Cn++++version%3A+2%5Cn++++cluster_name%3A+haproxycluster%5Cn++++transport%3A+knet%5Cn++++crypto_cipher%3A+aes256%5Cn++++crypto_hash%3A+sha256%5Cn%7D%5Cn%5Cnnodelist+%7B%5Cn++++node+%7B%5Cn++++++++ring0_addr%3A+192.168.234.112%5Cn++++++++name%3A+etcd01%5Cn++++++++nodeid%3A+1%5Cn++++%7D%5Cn%5Cn++++node+%7B%5Cn++++++++ring0_addr%3A+192.168.234.113%5Cn++++++++name%3A+etcd02%5Cn++++++++nodeid%3A+2%5Cn++++%7D%5Cn%7D%5Cn%5Cnquorum+%7B%5Cn++++provider%3A+corosync_votequorum%5Cn++++two_node%3A+1%5Cn%7D%5Cn%5Cnlogging+%7B%5Cn++++to_logfile%3A+yes%5Cn++++logfile%3A+%2Fvar%2Flog%2Fcorosync%2Fcorosync.log%5Cn++++to_syslog%3A+yes%5Cn++++timestamp%3A+on%5Cn%7D%5Cn%22%7D%7D
--Debug Input End--

Sending HTTP Request to: https://192.168.234.113:2224/remote/put_file
--Debug Input Start--
data_json=%7B%22corosync.conf%22%3A+%7B%22type%22%3A+%22corosync_conf%22%2C+%22data%22%3A+%22totem+%7B%5Cn++++version%3A+2%5Cn++++cluster_name%3A+haproxycluster%5Cn++++transport%3A+knet%5Cn++++crypto_cipher%3A+aes256%5Cn++++crypto_hash%3A+sha256%5Cn%7D%5Cn%5Cnnodelist+%7B%5Cn++++node+%7B%5Cn++++++++ring0_addr%3A+192.168.234.112%5Cn++++++++name%3A+etcd01%5Cn++++++++nodeid%3A+1%5Cn++++%7D%5Cn%5Cn++++node+%7B%5Cn++++++++ring0_addr%3A+192.168.234.113%5Cn++++++++name%3A+etcd02%5Cn++++++++nodeid%3A+2%5Cn++++%7D%5Cn%7D%5Cn%5Cnquorum+%7B%5Cn++++provider%3A+corosync_votequorum%5Cn++++two_node%3A+1%5Cn%7D%5Cn%5Cnlogging+%7B%5Cn++++to_logfile%3A+yes%5Cn++++logfile%3A+%2Fvar%2Flog%2Fcorosync%2Fcorosync.log%5Cn++++to_syslog%3A+yes%5Cn++++timestamp%3A+on%5Cn%7D%5Cn%22%7D%7D
--Debug Input End--

Finished calling: https://192.168.234.112:2224/remote/put_file
Response Code: 200
--Debug Response Start--
{"files":{"corosync.conf":{"code":"written","message":""}}}
--Debug Response End--

Communication debug info for calling: https://192.168.234.112:2224/remote/put_file
--Debug Communication Info Start--
*   Trying 192.168.234.112:2224...
* Connected to 192.168.234.112 (192.168.234.112) port 2224 (#0)
* found 387 certificates in /etc/ssl/certs
* ALPN, offering h2
* ALPN, offering http/1.1
* SSL connection using TLS1.3 / ECDHE_RSA_AES_256_GCM_SHA384
* 	 server certificate verification SKIPPED
* 	 server certificate status verification SKIPPED
* 	 common name: etcd01 (does not match '192.168.234.112')
* 	 server certificate expiration date OK
* 	 server certificate activation date OK
* 	 certificate public key: RSA
* 	 certificate version: #3
* 	 subject: C=US,ST=MN,L=Minneapolis,O=pcsd,OU=pcsd,CN=etcd01
* 	 start date: Tue, 28 Jun 2022 11:06:28 GMT
* 	 expire date: Fri, 25 Jun 2032 11:06:28 GMT
* 	 issuer: C=US,ST=MN,L=Minneapolis,O=pcsd,OU=pcsd,CN=etcd01
* ALPN, server did not agree to a protocol
> POST /remote/put_file HTTP/1.1
Host: 192.168.234.112:2224
User-Agent: PycURL/7.43.0.6 libcurl/7.74.0 GnuTLS/3.7.1 zlib/1.2.11 brotli/1.0.9 libidn2/2.3.0 libpsl/0.21.0 (+libidn2/2.3.0) libssh2/1.9.0 nghttp2/1.43.0 librtmp/2.3
Accept: */*
Cookie: token=c486d08b-0091-456a-8f12-2e6c0371cff8
Content-Length: 770
Content-Type: application/x-www-form-urlencoded

>> data_json=%7B%22corosync.conf%22%3A+%7B%22type%22%3A+%22corosync_conf%22%2C+%22data%22%3A+%22totem+%7B%5Cn++++version%3A+2%5Cn++++cluster_name%3A+haproxycluster%5Cn++++transport%3A+knet%5Cn++++crypto_cipher%3A+aes256%5Cn++++crypto_hash%3A+sha256%5Cn%7D%5Cn%5Cnnodelist+%7B%5Cn++++node+%7B%5Cn++++++++ring0_addr%3A+192.168.234.112%5Cn++++++++name%3A+etcd01%5Cn++++++++nodeid%3A+1%5Cn++++%7D%5Cn%5Cn++++node+%7B%5Cn++++++++ring0_addr%3A+192.168.234.113%5Cn++++++++name%3A+etcd02%5Cn++++++++nodeid%3A+2%5Cn++++%7D%5Cn%7D%5Cn%5Cnquorum+%7B%5Cn++++provider%3A+corosync_votequorum%5Cn++++two_node%3A+1%5Cn%7D%5Cn%5Cnlogging+%7B%5Cn++++to_logfile%3A+yes%5Cn++++logfile%3A+%2Fvar%2Flog%2Fcorosync%2Fcorosync.log%5Cn++++to_syslog%3A+yes%5Cn++++timestamp%3A+on%5Cn%7D%5Cn%22%7D%7D
* upload completely sent off: 770 out of 770 bytes
* Mark bundle as not supporting multiuse
< HTTP/1.1 200 OK
< Server: TornadoServer/6.1
< Content-Type: text/html;charset=utf-8
< Date: Tue, 28 Jun 2022 11:06:55 GMT
< Strict-Transport-Security: max-age=604800
< Content-Length: 59
< 
<< {"files":{"corosync.conf":{"code":"written","message":""}}}
* Connection #0 to host 192.168.234.112 left intact

--Debug Communication Info End--

etcd01: successful distribution of the file 'corosync.conf'
Finished calling: https://192.168.234.113:2224/remote/put_file
Response Code: 200
--Debug Response Start--
{"files":{"corosync.conf":{"code":"written","message":""}}}
--Debug Response End--

Communication debug info for calling: https://192.168.234.113:2224/remote/put_file
--Debug Communication Info Start--
*   Trying 192.168.234.113:2224...
* Connected to 192.168.234.113 (192.168.234.113) port 2224 (#1)
* found 387 certificates in /etc/ssl/certs
* ALPN, offering h2
* ALPN, offering http/1.1
* SSL connection using TLS1.3 / ECDHE_RSA_AES_256_GCM_SHA384
* 	 server certificate verification SKIPPED
* 	 server certificate status verification SKIPPED
* 	 common name: etcd02 (does not match '192.168.234.113')
* 	 server certificate expiration date OK
* 	 server certificate activation date OK
* 	 certificate public key: RSA
* 	 certificate version: #3
* 	 subject: C=US,ST=MN,L=Minneapolis,O=pcsd,OU=pcsd,CN=etcd02
* 	 start date: Tue, 28 Jun 2022 11:06:29 GMT
* 	 expire date: Fri, 25 Jun 2032 11:06:29 GMT
* 	 issuer: C=US,ST=MN,L=Minneapolis,O=pcsd,OU=pcsd,CN=etcd02
* ALPN, server did not agree to a protocol
> POST /remote/put_file HTTP/1.1
Host: 192.168.234.113:2224
User-Agent: PycURL/7.43.0.6 libcurl/7.74.0 GnuTLS/3.7.1 zlib/1.2.11 brotli/1.0.9 libidn2/2.3.0 libpsl/0.21.0 (+libidn2/2.3.0) libssh2/1.9.0 nghttp2/1.43.0 librtmp/2.3
Accept: */*
Cookie: token=41f54ac9-a179-431d-8d5e-fd231a33de2d
Content-Length: 770
Content-Type: application/x-www-form-urlencoded

>> data_json=%7B%22corosync.conf%22%3A+%7B%22type%22%3A+%22corosync_conf%22%2C+%22data%22%3A+%22totem+%7B%5Cn++++version%3A+2%5Cn++++cluster_name%3A+haproxycluster%5Cn++++transport%3A+knet%5Cn++++crypto_cipher%3A+aes256%5Cn++++crypto_hash%3A+sha256%5Cn%7D%5Cn%5Cnnodelist+%7B%5Cn++++node+%7B%5Cn++++++++ring0_addr%3A+192.168.234.112%5Cn++++++++name%3A+etcd01%5Cn++++++++nodeid%3A+1%5Cn++++%7D%5Cn%5Cn++++node+%7B%5Cn++++++++ring0_addr%3A+192.168.234.113%5Cn++++++++name%3A+etcd02%5Cn++++++++nodeid%3A+2%5Cn++++%7D%5Cn%7D%5Cn%5Cnquorum+%7B%5Cn++++provider%3A+corosync_votequorum%5Cn++++two_node%3A+1%5Cn%7D%5Cn%5Cnlogging+%7B%5Cn++++to_logfile%3A+yes%5Cn++++logfile%3A+%2Fvar%2Flog%2Fcorosync%2Fcorosync.log%5Cn++++to_syslog%3A+yes%5Cn++++timestamp%3A+on%5Cn%7D%5Cn%22%7D%7D
* upload completely sent off: 770 out of 770 bytes
* Mark bundle as not supporting multiuse
< HTTP/1.1 200 OK
< Server: TornadoServer/6.1
< Content-Type: text/html;charset=utf-8
< Date: Tue, 28 Jun 2022 11:06:55 GMT
< Strict-Transport-Security: max-age=604800
< Content-Length: 59
< 
<< {"files":{"corosync.conf":{"code":"written","message":""}}}
* Connection #1 to host 192.168.234.113 left intact

--Debug Communication Info End--

etcd02: successful distribution of the file 'corosync.conf'
Cluster has been successfully set up.
etcd02: Starting Cluster...
etcd01: Starting Cluster...
Cluster Name: haproxycluster
Transport: knet
Nodes:
  etcd01:
    Link 0 address: 192.168.234.112
    nodeid: 1
  etcd02:
    Link 0 address: 192.168.234.113
    nodeid: 2
Crypto Options:
  cipher: aes256
  hash: sha256
Cluster Properties:
 no-quorum-policy: ignore
 stonith-enabled: false
Cluster Status:
 Cluster Summary:
   * Stack: unknown
   * Current DC: NONE
   * Last updated: Tue Jun 28 14:06:59 2022
   * Last change:  Tue Jun 28 14:06:58 2022 by root via cibadmin on etcd01
   * 2 nodes configured
   * 1 resource instance configured
 Node List:
   * OFFLINE: [ etcd01 etcd02 ]

PCSD Status:
  etcd01: Online
  etcd02: Online
  * virtual_ip	(ocf::heartbeat:IPaddr2):	 Stopped
